<?xml version="1.0" encoding="UTF-8"?>
<!-- Generated by org.testng.reporters.JUnitReportReporter -->
<testsuite skipped="0" hostname="DESKTOP-DG4NUTJ" name="com.Flush.Tests.VipTestcases" tests="2" failures="0" timestamp="2022-03-29T16:29:53 IST" time="198.782" errors="0">
  <testcase name="CheckingHeaderLoyalityText" time="89.757" classname="com.Flush.Tests.VipTestcases"/>
  <system-out/>
  <testcase name="CheckingVippagTabs" time="109.025" classname="com.Flush.Tests.VipTestcases"/>
  <system-out/>
</testsuite> <!-- com.Flush.Tests.VipTestcases -->
