<?xml version="1.0" encoding="UTF-8"?>
<!-- Generated by org.testng.reporters.JUnitReportReporter -->
<testsuite skipped="0" hostname="DESKTOP-DG4NUTJ" name="com.Flush.Tests.HomePageWithoutLoginTestcases" tests="5" failures="0" timestamp="2022-03-29T21:24:16 IST" time="491.567" errors="0">
  <testcase name="WheelGame" time="85.288" classname="com.Flush.Tests.HomePageWithoutLoginTestcases"/>
  <system-out/>
  <testcase name="HiloGame" time="77.000" classname="com.Flush.Tests.HomePageWithoutLoginTestcases"/>
  <system-out/>
  <testcase name="CrashGame" time="158.973" classname="com.Flush.Tests.HomePageWithoutLoginTestcases"/>
  <system-out/>
  <testcase name="DiceGame" time="76.115" classname="com.Flush.Tests.HomePageWithoutLoginTestcases"/>
  <system-out/>
  <testcase name="MinesGame" time="94.191" classname="com.Flush.Tests.HomePageWithoutLoginTestcases"/>
  <system-out/>
</testsuite> <!-- com.Flush.Tests.HomePageWithoutLoginTestcases -->
