<?xml version="1.0" encoding="UTF-8"?>
<!-- Generated by org.testng.reporters.JUnitReportReporter -->
<testsuite skipped="8" hostname="DESKTOP-DG4NUTJ" name="com.Flush.Tests.DiceGameTestcases" tests="9" failures="0" timestamp="2022-04-07T11:34:44 IST" time="121.136" errors="0">
  <testcase name="MAximumErrorMessageChecking" time="121.136" classname="com.Flush.Tests.DiceGameTestcases"/>
  <system-out/>
  <testcase name="DiceGameSetting" classname="com.Flush.Tests.DiceGameTestcases">
    <skipped/>
  </testcase> <!-- DiceGameSetting -->
  <system-out/>
  <testcase name="DiceGameLiveStatusButton" classname="com.Flush.Tests.DiceGameTestcases">
    <skipped/>
  </testcase> <!-- DiceGameLiveStatusButton -->
  <system-out/>
  <testcase name="DiceGameRules" classname="com.Flush.Tests.DiceGameTestcases">
    <skipped/>
  </testcase> <!-- DiceGameRules -->
  <system-out/>
  <testcase name="DiceGameFairNessbutton" classname="com.Flush.Tests.DiceGameTestcases">
    <skipped/>
  </testcase> <!-- DiceGameFairNessbutton -->
  <system-out/>
  <testcase name="HalfAmount" classname="com.Flush.Tests.DiceGameTestcases">
    <skipped/>
  </testcase> <!-- HalfAmount -->
  <system-out/>
  <testcase name="DiceGameBetFullFlowchecking" classname="com.Flush.Tests.DiceGameTestcases">
    <skipped/>
  </testcase> <!-- DiceGameBetFullFlowchecking -->
  <system-out/>
  <testcase name="DiceGameDoubleBetAmount" classname="com.Flush.Tests.DiceGameTestcases">
    <skipped/>
  </testcase> <!-- DiceGameDoubleBetAmount -->
  <system-out/>
  <testcase name="DiceGameAutoButtonTab" classname="com.Flush.Tests.DiceGameTestcases">
    <skipped/>
  </testcase> <!-- DiceGameAutoButtonTab -->
  <system-out/>
</testsuite> <!-- com.Flush.Tests.DiceGameTestcases -->
