<?xml version="1.0" encoding="UTF-8"?>
<!-- Generated by org.testng.reporters.JUnitReportReporter -->
<testsuite skipped="2" hostname="DESKTOP-DG4NUTJ" name="com.Flush.Tests.VipTestcases" tests="3" failures="0" timestamp="2022-03-30T15:58:47 IST" time="91.122" errors="0">
  <testcase name="name" time="91.122" classname="com.Flush.Tests.VipTestcases"/>
  <system-out/>
  <testcase name="CheckingVippagTabs" classname="com.Flush.Tests.VipTestcases">
    <skipped/>
  </testcase> <!-- CheckingVippagTabs -->
  <system-out/>
  <testcase name="CheckingHeaderLoyalityText" classname="com.Flush.Tests.VipTestcases">
    <skipped/>
  </testcase> <!-- CheckingHeaderLoyalityText -->
  <system-out/>
</testsuite> <!-- com.Flush.Tests.VipTestcases -->
