<?xml version="1.0" encoding="UTF-8"?>
<!-- Generated by org.testng.reporters.JUnitReportReporter -->
<testsuite skipped="24" hostname="DESKTOP-DG4NUTJ" name="com.Flush.Tests.HomepageTest" tests="25" failures="0" timestamp="2022-03-28T15:30:16 IST" time="138.035" errors="0">
  <testcase name="LoginAsValidUser" time="138.035" classname="com.Flush.Tests.HomepageTest"/>
  <system-out/>
  <testcase name="SignupLogin" classname="com.Flush.Tests.HomepageTest">
    <skipped/>
  </testcase> <!-- SignupLogin -->
  <system-out/>
  <testcase name="Changepassword" classname="com.Flush.Tests.HomepageTest">
    <skipped/>
  </testcase> <!-- Changepassword -->
  <system-out/>
  <testcase name="LoginWelcomeGoogle" classname="com.Flush.Tests.HomepageTest">
    <skipped/>
  </testcase> <!-- LoginWelcomeGoogle -->
  <system-out/>
  <testcase name="statistics" classname="com.Flush.Tests.HomepageTest">
    <skipped/>
  </testcase> <!-- statistics -->
  <system-out/>
  <testcase name="Settings" classname="com.Flush.Tests.HomepageTest">
    <skipped/>
  </testcase> <!-- Settings -->
  <system-out/>
  <testcase name="LoginWelcomeLogin" classname="com.Flush.Tests.HomepageTest">
    <skipped/>
  </testcase> <!-- LoginWelcomeLogin -->
  <system-out/>
  <testcase name="VIP" classname="com.Flush.Tests.HomepageTest">
    <skipped/>
  </testcase> <!-- VIP -->
  <system-out/>
  <testcase name="TransactionPageTabsChecking" classname="com.Flush.Tests.HomepageTest">
    <skipped/>
  </testcase> <!-- TransactionPageTabsChecking -->
  <system-out/>
  <testcase name="Statisticspagechecking" classname="com.Flush.Tests.HomepageTest">
    <skipped/>
  </testcase> <!-- Statisticspagechecking -->
  <system-out/>
  <testcase name="Transaction" classname="com.Flush.Tests.HomepageTest">
    <skipped/>
  </testcase> <!-- Transaction -->
  <system-out/>
  <testcase name="walletbalacelist" classname="com.Flush.Tests.HomepageTest">
    <skipped/>
  </testcase> <!-- walletbalacelist -->
  <system-out/>
  <testcase name="Passwordnotmatch" classname="com.Flush.Tests.HomepageTest">
    <skipped/>
  </testcase> <!-- Passwordnotmatch -->
  <system-out/>
  <testcase name="Oldpasswordinvalid" classname="com.Flush.Tests.HomepageTest">
    <skipped/>
  </testcase> <!-- Oldpasswordinvalid -->
  <system-out/>
  <testcase name="Logout" classname="com.Flush.Tests.HomepageTest">
    <skipped/>
  </testcase> <!-- Logout -->
  <system-out/>
  <testcase name="RecoveryPasswordBackToLogin" classname="com.Flush.Tests.HomepageTest">
    <skipped/>
  </testcase> <!-- RecoveryPasswordBackToLogin -->
  <system-out/>
  <testcase name="JoinWithYourEmail" classname="com.Flush.Tests.HomepageTest">
    <skipped/>
  </testcase> <!-- JoinWithYourEmail -->
  <system-out/>
  <testcase name="signup" classname="com.Flush.Tests.HomepageTest">
    <skipped/>
  </testcase> <!-- signup -->
  <system-out/>
  <testcase name="Logot" classname="com.Flush.Tests.HomepageTest">
    <skipped/>
  </testcase> <!-- Logot -->
  <system-out/>
  <testcase name="changingusername" classname="com.Flush.Tests.HomepageTest">
    <skipped/>
  </testcase> <!-- changingusername -->
  <system-out/>
  <testcase name="Passwordcancel" classname="com.Flush.Tests.HomepageTest">
    <skipped/>
  </testcase> <!-- Passwordcancel -->
  <system-out/>
  <testcase name="Cashier" classname="com.Flush.Tests.HomepageTest">
    <skipped/>
  </testcase> <!-- Cashier -->
  <system-out/>
  <testcase name="LoginWelcomeregistration" classname="com.Flush.Tests.HomepageTest">
    <skipped/>
  </testcase> <!-- LoginWelcomeregistration -->
  <system-out/>
  <testcase name="Google" classname="com.Flush.Tests.HomepageTest">
    <skipped/>
  </testcase> <!-- Google -->
  <system-out/>
  <testcase name="LoginWelcomeForgot" classname="com.Flush.Tests.HomepageTest">
    <skipped/>
  </testcase> <!-- LoginWelcomeForgot -->
  <system-out/>
</testsuite> <!-- com.Flush.Tests.HomepageTest -->
