<?xml version="1.0" encoding="UTF-8"?>
<!-- Generated by org.testng.reporters.JUnitReportReporter -->
<testsuite hostname="rohitpunekar" failures="0" tests="4" name="com.Flush.Tests.LoginPopupTest" time="73.207" errors="0" timestamp="2022-03-13T10:38:51 IST" skipped="0">
  <testcase classname="com.Flush.Tests.LoginPopupTest" name="TC_024" time="13.320"/>
  <system-out/>
  <testcase classname="com.Flush.Tests.LoginPopupTest" name="TC_022" time="17.909"/>
  <system-out/>
  <testcase classname="com.Flush.Tests.LoginPopupTest" name="TC_021" time="25.570"/>
  <system-out/>
  <testcase classname="com.Flush.Tests.LoginPopupTest" name="TC_023" time="16.408"/>
  <system-out/>
</testsuite> <!-- com.Flush.Tests.LoginPopupTest -->
