<?xml version="1.0" encoding="UTF-8"?>
<!-- Generated by org.testng.reporters.JUnitReportReporter -->
<testsuite skipped="4" hostname="DESKTOP-DG4NUTJ" name="com.Flush.Tests.VipTestcases" tests="5" failures="0" timestamp="2022-04-04T23:37:17 IST" time="212.753" errors="0">
  <testcase name="ChooseYourPasswordSecondRadioButton" time="212.753" classname="com.Flush.Tests.VipTestcases"/>
  <system-out/>
  <testcase name="CheckingVippagTabs" classname="com.Flush.Tests.VipTestcases">
    <skipped/>
  </testcase> <!-- CheckingVippagTabs -->
  <system-out/>
  <testcase name="ClaimRewards" classname="com.Flush.Tests.VipTestcases">
    <skipped/>
  </testcase> <!-- ClaimRewards -->
  <system-out/>
  <testcase name="CheckingHeaderLoyalityText" classname="com.Flush.Tests.VipTestcases">
    <skipped/>
  </testcase> <!-- CheckingHeaderLoyalityText -->
  <system-out/>
  <testcase name="ChooseYourPasswordRadioButtonOne" classname="com.Flush.Tests.VipTestcases">
    <skipped/>
  </testcase> <!-- ChooseYourPasswordRadioButtonOne -->
  <system-out/>
</testsuite> <!-- com.Flush.Tests.VipTestcases -->
