<?xml version="1.0" encoding="UTF-8"?>
<!-- Generated by org.testng.reporters.JUnitReportReporter -->
<testsuite skipped="5" hostname="DESKTOP-DG4NUTJ" name="com.Flush.Tests.DiceGameTestcases" tests="6" failures="0" timestamp="2022-04-05T20:43:32 IST" time="80.135" errors="0">
  <testcase name="DiceGameBet" time="80.135" classname="com.Flush.Tests.DiceGameTestcases"/>
  <system-out/>
  <testcase name="DiceGameSetting" classname="com.Flush.Tests.DiceGameTestcases">
    <skipped/>
  </testcase> <!-- DiceGameSetting -->
  <system-out/>
  <testcase name="DiceGameLiveStatusButton" classname="com.Flush.Tests.DiceGameTestcases">
    <skipped/>
  </testcase> <!-- DiceGameLiveStatusButton -->
  <system-out/>
  <testcase name="DiceGameRules" classname="com.Flush.Tests.DiceGameTestcases">
    <skipped/>
  </testcase> <!-- DiceGameRules -->
  <system-out/>
  <testcase name="DiceGameFairNessbutton" classname="com.Flush.Tests.DiceGameTestcases">
    <skipped/>
  </testcase> <!-- DiceGameFairNessbutton -->
  <system-out/>
  <testcase name="DiceGameAutoButtonTab" classname="com.Flush.Tests.DiceGameTestcases">
    <skipped/>
  </testcase> <!-- DiceGameAutoButtonTab -->
  <system-out/>
</testsuite> <!-- com.Flush.Tests.DiceGameTestcases -->
