<?xml version="1.0" encoding="UTF-8"?>
<!-- Generated by org.testng.reporters.JUnitReportReporter -->
<<<<<<< HEAD
<testsuite hostname="rohitpunekar" failures="0" tests="4" name="com.Flush.Tests.WelcomePopupTest" time="45.422" errors="0" timestamp="2022-03-08T06:58:49 IST" skipped="0">
  <testcase classname="com.Flush.Tests.WelcomePopupTest" name="TC_009" time="11.642"/>
  <system-out/>
  <testcase classname="com.Flush.Tests.WelcomePopupTest" name="TC_010" time="9.415"/>
  <system-out/>
  <testcase classname="com.Flush.Tests.WelcomePopupTest" name="TC_007" time="14.453"/>
  <system-out/>
  <testcase classname="com.Flush.Tests.WelcomePopupTest" name="TC_008" time="9.912"/>
=======
<testsuite hostname="Rohit" failures="0" tests="4" name="com.Flush.Tests.WelcomePopupTest" time="210.744" errors="0" timestamp="2022-03-09T12:33:59 IST" skipped="0">
  <testcase classname="com.Flush.Tests.WelcomePopupTest" name="TC_008" time="55.850"/>
  <system-out/>
  <testcase classname="com.Flush.Tests.WelcomePopupTest" name="TC_010" time="47.142"/>
  <system-out/>
  <testcase classname="com.Flush.Tests.WelcomePopupTest" name="TC_007" time="65.120"/>
  <system-out/>
  <testcase classname="com.Flush.Tests.WelcomePopupTest" name="TC_009" time="42.632"/>
>>>>>>> af84ca6450bbee3b2c9065fa9eae7257265f3ad6
  <system-out/>
</testsuite> <!-- com.Flush.Tests.WelcomePopupTest -->
